<?xml version="1.0" encoding="UTF-8"?>
<testng-results ignored="0" total="2" passed="2" failed="0" skipped="0">
  <reporter-output>
  </reporter-output>
  <suite started-at="2022-11-19T12:44:59 IST" name="Suite" finished-at="2022-11-19T12:45:58 IST" duration-ms="58845">
    <groups>
    </groups>
    <test started-at="2022-11-19T12:44:59 IST" name="Test" finished-at="2022-11-19T12:45:58 IST" duration-ms="58845">
      <class name="testcase.LoginLogut">
        <test-method is-config="true" signature="preCondition()[pri:0, instance:testcase.LoginLogut@235ecd9f]" started-at="2022-11-19T12:45:00 IST" name="preCondition" finished-at="2022-11-19T12:45:22 IST" duration-ms="22641" status="PASS">
          <reporter-output>
          </reporter-output>
        </test-method> <!-- preCondition -->
        <test-method signature="runLogout()[pri:0, instance:testcase.LoginLogut@235ecd9f]" started-at="2022-11-19T12:45:22 IST" name="runLogout" finished-at="2022-11-19T12:45:37 IST" duration-ms="14363" status="PASS">
          <reporter-output>
          </reporter-output>
        </test-method> <!-- runLogout -->
        <test-method is-config="true" signature="postCondition()[pri:0, instance:testcase.LoginLogut@235ecd9f]" started-at="2022-11-19T12:45:37 IST" name="postCondition" finished-at="2022-11-19T12:45:38 IST" duration-ms="1587" status="PASS">
          <reporter-output>
          </reporter-output>
        </test-method> <!-- postCondition -->
      </class> <!-- testcase.LoginLogut -->
      <class name="testcase.CreateLeadTc">
        <test-method is-config="true" signature="preCondition()[pri:0, instance:testcase.CreateLeadTc@1a942c18]" started-at="2022-11-19T12:45:00 IST" name="preCondition" finished-at="2022-11-19T12:45:25 IST" duration-ms="25280" status="PASS">
          <reporter-output>
          </reporter-output>
        </test-method> <!-- preCondition -->
        <test-method signature="runLead()[pri:0, instance:testcase.CreateLeadTc@1a942c18]" started-at="2022-11-19T12:45:25 IST" name="runLead" finished-at="2022-11-19T12:45:58 IST" duration-ms="32664" status="PASS">
          <reporter-output>
          </reporter-output>
        </test-method> <!-- runLead -->
        <test-method is-config="true" signature="postCondition()[pri:0, instance:testcase.CreateLeadTc@1a942c18]" started-at="2022-11-19T12:45:58 IST" name="postCondition" finished-at="2022-11-19T12:45:58 IST" duration-ms="562" status="PASS">
          <reporter-output>
          </reporter-output>
        </test-method> <!-- postCondition -->
      </class> <!-- testcase.CreateLeadTc -->
    </test> <!-- Test -->
  </suite> <!-- Suite -->
</testng-results>
